d:\projects\myfolder\c++\simple\simple\x64\debug\abbreviatedoperationsstatement.obj
d:\projects\myfolder\c++\simple\simple\x64\debug\arithmeticexpression.obj
d:\projects\myfolder\c++\simple\simple\x64\debug\arrayexpression.obj
d:\projects\myfolder\c++\simple\simple\x64\debug\arrayvalue.obj
d:\projects\myfolder\c++\simple\simple\x64\debug\assigmentstatement.obj
d:\projects\myfolder\c++\simple\simple\x64\debug\assigment_parsing.obj
d:\projects\myfolder\c++\simple\simple\x64\debug\binaryexpression.obj
d:\projects\myfolder\c++\simple\simple\x64\debug\block.obj
d:\projects\myfolder\c++\simple\simple\x64\debug\blockstatement.obj
d:\projects\myfolder\c++\simple\simple\x64\debug\breakstatement.obj
d:\projects\myfolder\c++\simple\simple\x64\debug\casestatement.obj
d:\projects\myfolder\c++\simple\simple\x64\debug\charexpression.obj
d:\projects\myfolder\c++\simple\simple\x64\debug\charvalue.obj
d:\projects\myfolder\c++\simple\simple\x64\debug\conditionalexpression.obj
d:\projects\myfolder\c++\simple\simple\x64\debug\constructordefinestatement.obj
d:\projects\myfolder\c++\simple\simple\x64\debug\continuestatement.obj
d:\projects\myfolder\c++\simple\simple\x64\debug\digitexpression.obj
d:\projects\myfolder\c++\simple\simple\x64\debug\digitvalue.obj
d:\projects\myfolder\c++\simple\simple\x64\debug\dowhilestatement.obj
d:\projects\myfolder\c++\simple\simple\x64\debug\exception.obj
d:\projects\myfolder\c++\simple\simple\x64\debug\expressionstatement.obj
d:\projects\myfolder\c++\simple\simple\x64\debug\forstatement.obj
d:\projects\myfolder\c++\simple\simple\x64\debug\functionalexpression.obj
d:\projects\myfolder\c++\simple\simple\x64\debug\functiondefinestatement.obj
d:\projects\myfolder\c++\simple\simple\x64\debug\functions.obj
d:\projects\myfolder\c++\simple\simple\x64\debug\function_parsing.obj
d:\projects\myfolder\c++\simple\simple\x64\debug\globalblockstatement.obj
d:\projects\myfolder\c++\simple\simple\x64\debug\ifelse_parsing.obj
d:\projects\myfolder\c++\simple\simple\x64\debug\ifstatement.obj
d:\projects\myfolder\c++\simple\simple\x64\debug\importstatement.obj
d:\projects\myfolder\c++\simple\simple\x64\debug\import_parsing.obj
d:\projects\myfolder\c++\simple\simple\x64\debug\indexexpression.obj
d:\projects\myfolder\c++\simple\simple\x64\debug\lexer.obj
d:\projects\myfolder\c++\simple\simple\x64\debug\lexer_utils.obj
d:\projects\myfolder\c++\simple\simple\x64\debug\logicalexpression.obj
d:\projects\myfolder\c++\simple\simple\x64\debug\loops_parsing.obj
d:\projects\myfolder\c++\simple\simple\x64\debug\math.obj
d:\projects\myfolder\c++\simple\simple\x64\debug\module.obj
d:\projects\myfolder\c++\simple\simple\x64\debug\numberexpression.obj
d:\projects\myfolder\c++\simple\simple\x64\debug\numbervalue.obj
d:\projects\myfolder\c++\simple\simple\x64\debug\objectdefinestatement.obj
d:\projects\myfolder\c++\simple\simple\x64\debug\parser.obj
d:\projects\myfolder\c++\simple\simple\x64\debug\parser_utils.obj
d:\projects\myfolder\c++\simple\simple\x64\debug\returnstatement.obj
d:\projects\myfolder\c++\simple\simple\x64\debug\shortblockstatement.obj
d:\projects\myfolder\c++\simple\simple\x64\debug\simple.obj
d:\projects\myfolder\c++\simple\simple\x64\debug\stream.obj
d:\projects\myfolder\c++\simple\simple\x64\debug\stringexpression.obj
d:\projects\myfolder\c++\simple\simple\x64\debug\stringvalue.obj
d:\projects\myfolder\c++\simple\simple\x64\debug\structexpression.obj
d:\projects\myfolder\c++\simple\simple\x64\debug\structs.obj
d:\projects\myfolder\c++\simple\simple\x64\debug\structvalue.obj
d:\projects\myfolder\c++\simple\simple\x64\debug\struct_parsing.obj
d:\projects\myfolder\c++\simple\simple\x64\debug\switchblockstatement.obj
d:\projects\myfolder\c++\simple\simple\x64\debug\switchstatement.obj
d:\projects\myfolder\c++\simple\simple\x64\debug\switch_parsing.obj
d:\projects\myfolder\c++\simple\simple\x64\debug\system.obj
d:\projects\myfolder\c++\simple\simple\x64\debug\throwstatement.obj
d:\projects\myfolder\c++\simple\simple\x64\debug\time.obj
d:\projects\myfolder\c++\simple\simple\x64\debug\token.obj
d:\projects\myfolder\c++\simple\simple\x64\debug\trycatchstatement.obj
d:\projects\myfolder\c++\simple\simple\x64\debug\trycatch_parsing.obj
d:\projects\myfolder\c++\simple\simple\x64\debug\type.obj
d:\projects\myfolder\c++\simple\simple\x64\debug\unaryexpression.obj
d:\projects\myfolder\c++\simple\simple\x64\debug\utils.obj
d:\projects\myfolder\c++\simple\simple\x64\debug\variable.obj
d:\projects\myfolder\c++\simple\simple\x64\debug\variabledefinestatement.obj
d:\projects\myfolder\c++\simple\simple\x64\debug\variabledefine_parsing.obj
d:\projects\myfolder\c++\simple\simple\x64\debug\variableexpression.obj
d:\projects\myfolder\c++\simple\simple\x64\debug\variables.obj
d:\projects\myfolder\c++\simple\simple\x64\debug\voidexpression.obj
d:\projects\myfolder\c++\simple\simple\x64\debug\voidvalue.obj
d:\projects\myfolder\c++\simple\simple\x64\debug\whilestatement.obj
d:\projects\myfolder\c++\simple\simple\x64\debug\vc143.idb
d:\projects\myfolder\c++\simple\simple\x64\debug\vc143.pdb
d:\projects\myfolder\c++\simple\simple\x64\debug\simple.tlog\cl.command.1.tlog
